[debug] [2021-08-17T16:20:33.098Z] ----------------------------------------------------------------------
[debug] [2021-08-17T16:20:33.102Z] Command:       C:\Program Files (x86)\nodejs\node.exe C:\Users\hp\AppData\Roaming\npm\node_modules\firebase-tools\lib\bin\firebase.js login --reauth
[debug] [2021-08-17T16:20:33.102Z] CLI Version:   9.16.5
[debug] [2021-08-17T16:20:33.103Z] Platform:      win32
[debug] [2021-08-17T16:20:33.103Z] Node Version:  v14.15.4
[debug] [2021-08-17T16:20:33.104Z] Time:          Tue Aug 17 2021 21:50:33 GMT+0530 (India Standard Time)
[debug] [2021-08-17T16:20:33.105Z] ----------------------------------------------------------------------
[debug] 
[info] 
[info] Visit this URL on this device to log in:
[info] https://accounts.google.com/o/oauth2/auth?client_id=563584335869-fgrhgmd47bqnekij5i8b5pr03ho849e6.apps.googleusercontent.com&scope=email%20openid%20https%3A%2F%2Fwww.googleapis.com%2Fauth%2Fcloudplatformprojects.readonly%20https%3A%2F%2Fwww.googleapis.com%2Fauth%2Ffirebase%20https%3A%2F%2Fwww.googleapis.com%2Fauth%2Fcloud-platform&response_type=code&state=571783031&redirect_uri=http%3A%2F%2Flocalhost%3A9005&login_hint=anmolbuttar143205%40gmail.com
[info] 
[info] Waiting for authentication...
[debug] [2021-08-17T16:21:27.814Z] >>> HTTP REQUEST POST https://accounts.google.com/o/oauth2/token  
 {"code":"4/0AX4XfWg8nxXB1fXqBMbTvbLgrVq4ufGrKSaKUXP6uNEFaCZD_wLdjixZ4ii0CUroatWGXw","client_id":"563584335869-fgrhgmd47bqnekij5i8b5pr03ho849e6.apps.googleusercontent.com","client_secret":"j9iVZfS8kkCEFUPaAeJV0sAi","redirect_uri":"http://localhost:9005","grant_type":"authorization_code"}
[debug] [2021-08-17T16:21:49.337Z] Token Fetch Error: FirebaseError: Server Error. connect ETIMEDOUT 172.217.167.237:443
    at Request._callback (C:\Users\hp\AppData\Roaming\npm\node_modules\firebase-tools\lib\api.js:32:31)
    at self.callback (C:\Users\hp\AppData\Roaming\npm\node_modules\firebase-tools\node_modules\request\request.js:185:22)
    at Request.emit (events.js:315:20)
    at Request.EventEmitter.emit (domain.js:467:12)
    at Request.onRequestError (C:\Users\hp\AppData\Roaming\npm\node_modules\firebase-tools\node_modules\request\request.js:877:8)
    at ClientRequest.emit (events.js:315:20)
    at ClientRequest.EventEmitter.emit (domain.js:467:12)
    at TLSSocket.socketErrorListener (_http_client.js:469:9)
    at TLSSocket.emit (events.js:315:20)
    at TLSSocket.EventEmitter.emit (domain.js:467:12)
    at emitErrorNT (internal/streams/destroy.js:106:8)
    at emitErrorCloseNT (internal/streams/destroy.js:74:3)
    at processTicksAndRejections (internal/process/task_queues.js:80:21)
[info] 
[info] Visit this URL on any device to log in:
[info] https://accounts.google.com/o/oauth2/auth?client_id=563584335869-fgrhgmd47bqnekij5i8b5pr03ho849e6.apps.googleusercontent.com&scope=email%20openid%20https%3A%2F%2Fwww.googleapis.com%2Fauth%2Fcloudplatformprojects.readonly%20https%3A%2F%2Fwww.googleapis.com%2Fauth%2Ffirebase%20https%3A%2F%2Fwww.googleapis.com%2Fauth%2Fcloud-platform&response_type=code&state=571783031&redirect_uri=urn%3Aietf%3Awg%3Aoauth%3A2.0%3Aoob&login_hint=anmolbuttar143205%40gmail.com
[info] 
[debug] [2021-08-17T16:22:22.502Z] >>> HTTP REQUEST POST https://accounts.google.com/o/oauth2/token  
 {"code":"","client_id":"563584335869-fgrhgmd47bqnekij5i8b5pr03ho849e6.apps.googleusercontent.com","client_secret":"j9iVZfS8kkCEFUPaAeJV0sAi","redirect_uri":"urn:ietf:wg:oauth:2.0:oob","grant_type":"authorization_code"}
[debug] [2021-08-17T16:22:52.206Z] ----------------------------------------------------------------------
[debug] [2021-08-17T16:22:52.210Z] Command:       C:\Program Files (x86)\nodejs\node.exe C:\Users\hp\AppData\Roaming\npm\node_modules\firebase-tools\lib\bin\firebase.js login --reauth
[debug] [2021-08-17T16:22:52.210Z] CLI Version:   9.16.5
[debug] [2021-08-17T16:22:52.210Z] Platform:      win32
[debug] [2021-08-17T16:22:52.211Z] Node Version:  v14.15.4
[debug] [2021-08-17T16:22:52.213Z] Time:          Tue Aug 17 2021 21:52:52 GMT+0530 (India Standard Time)
[debug] [2021-08-17T16:22:52.213Z] ----------------------------------------------------------------------
[debug] 
[info] 
[info] Visit this URL on this device to log in:
[info] https://accounts.google.com/o/oauth2/auth?client_id=563584335869-fgrhgmd47bqnekij5i8b5pr03ho849e6.apps.googleusercontent.com&scope=email%20openid%20https%3A%2F%2Fwww.googleapis.com%2Fauth%2Fcloudplatformprojects.readonly%20https%3A%2F%2Fwww.googleapis.com%2Fauth%2Ffirebase%20https%3A%2F%2Fwww.googleapis.com%2Fauth%2Fcloud-platform&response_type=code&state=907455940&redirect_uri=http%3A%2F%2Flocalhost%3A9005&login_hint=anmolbuttar143205%40gmail.com
[info] 
[info] Waiting for authentication...
